<?xml version="1.0" encoding="UTF-8"?>
<!-- Generated by org.testng.reporters.JUnitXMLReporter -->
<testsuite ignored="0" hostname="EC2AMAZ-8KL45D2" failures="0" tests="7" name="test-1" time="6.227" errors="0" timestamp="2024-10-11T05:42:29 UTC">
  <testcase classname="com.spree.test.Countries" name="T01_getDefaultCountries" time="2.596"/>
  <testcase classname="com.spree.test.Countries" name="T02_retrieveaCountry" time="0.247"/>
  <testcase classname="com.spree.test.Countries" name="T02_retrieveaCountry" time="0.247"/>
  <testcase classname="com.spree.test.Countries" name="T02_retrieveaCountry" time="0.22"/>
  <testcase classname="com.spree.test.Countries" name="T02_retrieveaCountry" time="0.22"/>
  <testcase classname="com.spree.test.Countries" name="T02_retrieveaCountry" time="0.369"/>
  <testcase classname="com.spree.test.Countries" name="T03_listallCountries" time="1.122"/>
</testsuite> <!-- test-1 -->
