<?xml version="1.0" encoding="UTF-8"?>
<!-- Generated by org.testng.reporters.JUnitReportReporter -->
<testsuite hostname="EC2AMAZ-8KL45D2" failures="0" tests="7" name="com.spree.test.Countries" time="5.043" errors="0" timestamp="2024-10-11T05:42:29 UTC" skipped="0">
  <testcase classname="com.spree.test.Countries" name="T01_getDefaultCountries" time="2.597"/>
  <system-out/>
  <testcase classname="com.spree.test.Countries" name="T02_retrieveaCountry" time="0.247"/>
  <system-out/>
  <testcase classname="com.spree.test.Countries" name="T02_retrieveaCountry" time="0.221"/>
  <system-out/>
  <testcase classname="com.spree.test.Countries" name="T02_retrieveaCountry" time="0.248"/>
  <system-out/>
  <testcase classname="com.spree.test.Countries" name="T02_retrieveaCountry" time="0.238"/>
  <system-out/>
  <testcase classname="com.spree.test.Countries" name="T02_retrieveaCountry" time="0.369"/>
  <system-out/>
  <testcase classname="com.spree.test.Countries" name="T03_listallCountries" time="1.123"/>
  <system-out/>
</testsuite> <!-- com.spree.test.Countries -->
