<?xml version="1.0" encoding="UTF-8"?>
<!-- Generated by org.testng.reporters.JUnitReportReporter -->
<testsuite hostname="EC2AMAZ-8KL45D2" failures="0" tests="7" name="com.spree.test.Countries" time="5.031" errors="0" timestamp="2024-10-11T05:55:55 UTC" skipped="0">
  <testcase classname="com.spree.test.Countries" name="T01_getDefaultCountries" time="2.527"/>
  <testcase classname="com.spree.test.Countries" name="T02_retrieveaCountry" time="0.426"/>
  <testcase classname="com.spree.test.Countries" name="T02_retrieveaCountry" time="0.216"/>
  <testcase classname="com.spree.test.Countries" name="T02_retrieveaCountry" time="0.214"/>
  <testcase classname="com.spree.test.Countries" name="T02_retrieveaCountry" time="0.216"/>
  <testcase classname="com.spree.test.Countries" name="T02_retrieveaCountry" time="0.217"/>
  <testcase classname="com.spree.test.Countries" name="T03_listallCountries" time="1.215"/>
</testsuite> <!-- com.spree.test.Countries -->
