<?xml version="1.0" encoding="UTF-8"?>
<!-- Generated by org.testng.reporters.JUnitXMLReporter -->
<testsuite ignored="0" hostname="EC2AMAZ-8KL45D2" failures="0" tests="7" name="test-1" time="6.251" errors="0" timestamp="2024-10-11T05:55:55 UTC">
  <testcase classname="com.spree.test.Countries" name="T01_getDefaultCountries" time="2.524"/>
  <testcase classname="com.spree.test.Countries" name="T02_retrieveaCountry" time="0.424"/>
  <testcase classname="com.spree.test.Countries" name="T02_retrieveaCountry" time="0.208"/>
  <testcase classname="com.spree.test.Countries" name="T02_retrieveaCountry" time="0.215"/>
  <testcase classname="com.spree.test.Countries" name="T02_retrieveaCountry" time="0.212"/>
  <testcase classname="com.spree.test.Countries" name="T02_retrieveaCountry" time="0.211"/>
  <testcase classname="com.spree.test.Countries" name="T03_listallCountries" time="1.214"/>
</testsuite> <!-- test-1 -->
